[INFO ] 03-18-2019 19:39:06.841 [main] carbeeper.MainDemo:126 - Inside main(). Starting MainDemo.
[INFO ] 03-18-2019 19:39:07.437 [<init>] carbeeper.CarBeeperV2:69 - Inside CarBeeperV2 constructor.
[INFO ] 03-18-2019 19:39:07.438 [setBeeper] carbeeper.CarBeeperV2:199 - Inside setBeeper(). Setting initial states...
[INFO ] 03-18-2019 19:39:09.238 [setBeeper] carbeeper.CarBeeperV2:226 - End setBeeper()
[INFO ] 03-18-2019 19:39:09.239 [createImageIcon] carbeeper.CarBeeperV2:763 - Inside createImageIcon()
[INFO ] 03-18-2019 19:39:09.273 [createImageIcon] carbeeper.CarBeeperV2:768 - the path 'src/main/resources/images/lock.jpg' created an image! the imageicon is being returned...
[INFO ] 03-18-2019 19:39:09.273 [createImageIcon] carbeeper.CarBeeperV2:769 - End createImageIcon()
[INFO ] 03-18-2019 19:39:09.274 [createImageIcon] carbeeper.CarBeeperV2:763 - Inside createImageIcon()
[INFO ] 03-18-2019 19:39:09.275 [createImageIcon] carbeeper.CarBeeperV2:768 - the path 'src/main/resources/images/window.jpg' created an image! the imageicon is being returned...
[INFO ] 03-18-2019 19:39:09.275 [createImageIcon] carbeeper.CarBeeperV2:769 - End createImageIcon()
[INFO ] 03-18-2019 19:39:09.275 [createImageIcon] carbeeper.CarBeeperV2:763 - Inside createImageIcon()
[INFO ] 03-18-2019 19:39:09.276 [createImageIcon] carbeeper.CarBeeperV2:768 - the path 'src/main/resources/images/power.jpg' created an image! the imageicon is being returned...
[INFO ] 03-18-2019 19:39:09.277 [createImageIcon] carbeeper.CarBeeperV2:769 - End createImageIcon()
[INFO ] 03-18-2019 19:39:09.277 [createImageIcon] carbeeper.CarBeeperV2:763 - Inside createImageIcon()
[INFO ] 03-18-2019 19:39:09.282 [createImageIcon] carbeeper.CarBeeperV2:768 - the path 'src/main/resources/images/trunk2.jpg' created an image! the imageicon is being returned...
[INFO ] 03-18-2019 19:39:09.283 [createImageIcon] carbeeper.CarBeeperV2:769 - End createImageIcon()
[INFO ] 03-18-2019 19:39:09.283 [createImageIcon] carbeeper.CarBeeperV2:763 - Inside createImageIcon()
[INFO ] 03-18-2019 19:39:09.284 [createImageIcon] carbeeper.CarBeeperV2:768 - the path 'src/main/resources/images/alarm.jpg' created an image! the imageicon is being returned...
[INFO ] 03-18-2019 19:39:09.284 [createImageIcon] carbeeper.CarBeeperV2:769 - End createImageIcon()
[INFO ] 03-18-2019 19:39:09.289 [<init>] carbeeper.CarBeeperV2:87 - Adding components.
[INFO ] 03-18-2019 19:39:09.289 [addComponent] carbeeper.CarBeeperV2:452 - Inside addComponent()
[INFO ] 03-18-2019 19:39:09.290 [addComponent] carbeeper.CarBeeperV2:459 - Component added.
[INFO ] 03-18-2019 19:39:09.291 [addComponent] carbeeper.CarBeeperV2:452 - Inside addComponent()
[INFO ] 03-18-2019 19:39:09.291 [addComponent] carbeeper.CarBeeperV2:459 - Component added.
[INFO ] 03-18-2019 19:39:09.292 [addComponent] carbeeper.CarBeeperV2:452 - Inside addComponent()
[INFO ] 03-18-2019 19:39:09.292 [addComponent] carbeeper.CarBeeperV2:459 - Component added.
[INFO ] 03-18-2019 19:39:09.292 [addComponent] carbeeper.CarBeeperV2:452 - Inside addComponent()
[INFO ] 03-18-2019 19:39:09.293 [addComponent] carbeeper.CarBeeperV2:459 - Component added.
[INFO ] 03-18-2019 19:39:09.293 [addComponent] carbeeper.CarBeeperV2:452 - Inside addComponent()
[INFO ] 03-18-2019 19:39:09.293 [addComponent] carbeeper.CarBeeperV2:459 - Component added.
[INFO ] 03-18-2019 19:39:09.294 [addComponent] carbeeper.CarBeeperV2:452 - Inside addComponent()
[INFO ] 03-18-2019 19:39:09.294 [addComponent] carbeeper.CarBeeperV2:459 - Component added.
[INFO ] 03-18-2019 19:39:09.301 [addComponent] carbeeper.CarBeeperV2:452 - Inside addComponent()
[INFO ] 03-18-2019 19:39:09.302 [addComponent] carbeeper.CarBeeperV2:459 - Component added.
[INFO ] 03-18-2019 19:39:09.302 [<init>] carbeeper.CarBeeperV2:108 - Initializing lock button listener.
[INFO ] 03-18-2019 19:39:09.303 [<init>] carbeeper.CarBeeperV2.MouseClickHandler:233 - Inside MouseClickHandler constructor.
[INFO ] 03-18-2019 19:39:09.305 [<init>] carbeeper.CarBeeperV2.MouseClickHandler:251 - timer is running: true
[INFO ] 03-18-2019 19:39:09.306 [<init>] carbeeper.CarBeeperV2:126 - Initializing window button listener with custom window listener
[INFO ] 03-18-2019 19:39:09.307 [<init>] carbeeper.CarBeeperV2.WindowButtonHandler:322 - Inside WindowButtonHandler constructor
[INFO ] 03-18-2019 19:39:09.309 [<init>] carbeeper.CarBeeperV2.WindowButtonHandler:326 - WindowButtonHandler: timer, type of Timer beingHeldTimer, type of Timer LOGGER, type of Logger.
[INFO ] 03-18-2019 19:39:09.309 [<init>] carbeeper.CarBeeperV2.WindowButtonHandler:327 - End WindowButtonHandler constructor
[INFO ] 03-18-2019 19:39:09.310 [<init>] carbeeper.CarBeeperV2:128 - Initializing power button listener.
[INFO ] 03-18-2019 19:39:09.310 [<init>] carbeeper.CarBeeperV2.MouseClickHandler:233 - Inside MouseClickHandler constructor.
[INFO ] 03-18-2019 19:39:09.311 [<init>] carbeeper.CarBeeperV2.MouseClickHandler:251 - timer is running: true
[INFO ] 03-18-2019 19:39:09.311 [<init>] carbeeper.CarBeeperV2:145 - Initializing trunk button listener.
[INFO ] 03-18-2019 19:39:09.312 [<init>] carbeeper.CarBeeperV2.MouseClickHandler:233 - Inside MouseClickHandler constructor.
[INFO ] 03-18-2019 19:39:09.313 [<init>] carbeeper.CarBeeperV2.MouseClickHandler:251 - timer is running: true
[INFO ] 03-18-2019 19:39:09.313 [<init>] carbeeper.CarBeeperV2:162 - Initializing alarm button listener
[INFO ] 03-18-2019 19:39:09.314 [<init>] carbeeper.CarBeeperV2.MouseClickHandler:233 - Inside MouseClickHandler constructor.
[INFO ] 03-18-2019 19:39:09.314 [<init>] carbeeper.CarBeeperV2.MouseClickHandler:251 - timer is running: true
[INFO ] 03-18-2019 19:39:09.315 [<init>] carbeeper.CarBeeperV2.MouseClickHandler:233 - Inside MouseClickHandler constructor.
[INFO ] 03-18-2019 19:39:09.315 [<init>] carbeeper.CarBeeperV2.MouseClickHandler:251 - timer is running: true
[INFO ] 03-18-2019 19:39:09.316 [<init>] carbeeper.CarBeeperV2:192 - End CarBeeperV2 constructor.
[INFO ] 03-18-2019 19:39:09.316 [main] carbeeper.MainDemo:128 - Setting up beeper...
[INFO ] 03-18-2019 19:39:09.612 [main] carbeeper.MainDemo:134 - Beeper loaded.
[INFO ] 03-18-2019 19:39:09.613 [main] carbeeper.MainDemo:135 - End main(). End MainDemo.

[INFO ] 03-18-2019 19:39:09.807 [lambda$new$0] carbeeper.CarBeeperV2.MouseClickHandler:246 - Timer's event set for 500 seconds.
[INFO ] 03-18-2019 19:39:09.812 [lambda$new$0] carbeeper.CarBeeperV2.MouseClickHandler:246 - Timer's event set for 500 seconds.
[INFO ] 03-18-2019 19:39:09.813 [lambda$new$0] carbeeper.CarBeeperV2.MouseClickHandler:246 - Timer's event set for 500 seconds.
[INFO ] 03-18-2019 19:39:09.814 [lambda$new$0] carbeeper.CarBeeperV2.MouseClickHandler:246 - Timer's event set for 500 seconds.
[INFO ] 03-18-2019 19:39:09.816 [lambda$new$0] carbeeper.CarBeeperV2.MouseClickHandler:246 - Timer's event set for 500 seconds.
[INFO ] 03-18-2019 19:42:37.427 [main] carbeeper.MainDemo:126 - Inside main(). Starting MainDemo.
[INFO ] 03-18-2019 19:42:37.929 [<init>] carbeeper.CarBeeperV2:69 - Inside CarBeeperV2 constructor.
[INFO ] 03-18-2019 19:42:37.929 [setBeeper] carbeeper.CarBeeperV2:199 - Inside setBeeper(). Setting initial states...
[INFO ] 03-18-2019 19:42:39.555 [setBeeper] carbeeper.CarBeeperV2:226 - End setBeeper()
[INFO ] 03-18-2019 19:42:39.556 [createImageIcon] carbeeper.CarBeeperV2:763 - Inside createImageIcon()
[INFO ] 03-18-2019 19:42:39.590 [createImageIcon] carbeeper.CarBeeperV2:768 - the path 'src/main/resources/images/lock.jpg' created an image! the imageicon is being returned...
[INFO ] 03-18-2019 19:42:39.590 [createImageIcon] carbeeper.CarBeeperV2:769 - End createImageIcon()
[INFO ] 03-18-2019 19:42:39.591 [createImageIcon] carbeeper.CarBeeperV2:763 - Inside createImageIcon()
[INFO ] 03-18-2019 19:42:39.592 [createImageIcon] carbeeper.CarBeeperV2:768 - the path 'src/main/resources/images/window.jpg' created an image! the imageicon is being returned...
[INFO ] 03-18-2019 19:42:39.592 [createImageIcon] carbeeper.CarBeeperV2:769 - End createImageIcon()
[INFO ] 03-18-2019 19:42:39.593 [createImageIcon] carbeeper.CarBeeperV2:763 - Inside createImageIcon()
[INFO ] 03-18-2019 19:42:39.594 [createImageIcon] carbeeper.CarBeeperV2:768 - the path 'src/main/resources/images/power.jpg' created an image! the imageicon is being returned...
[INFO ] 03-18-2019 19:42:39.594 [createImageIcon] carbeeper.CarBeeperV2:769 - End createImageIcon()
[INFO ] 03-18-2019 19:42:39.595 [createImageIcon] carbeeper.CarBeeperV2:763 - Inside createImageIcon()
[INFO ] 03-18-2019 19:42:39.600 [createImageIcon] carbeeper.CarBeeperV2:768 - the path 'src/main/resources/images/trunk2.jpg' created an image! the imageicon is being returned...
[INFO ] 03-18-2019 19:42:39.600 [createImageIcon] carbeeper.CarBeeperV2:769 - End createImageIcon()
[INFO ] 03-18-2019 19:42:39.601 [createImageIcon] carbeeper.CarBeeperV2:763 - Inside createImageIcon()
[INFO ] 03-18-2019 19:42:39.602 [createImageIcon] carbeeper.CarBeeperV2:768 - the path 'src/main/resources/images/alarm.jpg' created an image! the imageicon is being returned...
[INFO ] 03-18-2019 19:42:39.602 [createImageIcon] carbeeper.CarBeeperV2:769 - End createImageIcon()
[INFO ] 03-18-2019 19:42:39.607 [<init>] carbeeper.CarBeeperV2:87 - Adding components.
[INFO ] 03-18-2019 19:42:39.607 [addComponent] carbeeper.CarBeeperV2:452 - Inside addComponent()
[INFO ] 03-18-2019 19:42:39.608 [addComponent] carbeeper.CarBeeperV2:459 - Component added.
[INFO ] 03-18-2019 19:42:39.609 [addComponent] carbeeper.CarBeeperV2:452 - Inside addComponent()
[INFO ] 03-18-2019 19:42:39.609 [addComponent] carbeeper.CarBeeperV2:459 - Component added.
[INFO ] 03-18-2019 19:42:39.609 [addComponent] carbeeper.CarBeeperV2:452 - Inside addComponent()
[INFO ] 03-18-2019 19:42:39.610 [addComponent] carbeeper.CarBeeperV2:459 - Component added.
[INFO ] 03-18-2019 19:42:39.610 [addComponent] carbeeper.CarBeeperV2:452 - Inside addComponent()
[INFO ] 03-18-2019 19:42:39.611 [addComponent] carbeeper.CarBeeperV2:459 - Component added.
[INFO ] 03-18-2019 19:42:39.611 [addComponent] carbeeper.CarBeeperV2:452 - Inside addComponent()
[INFO ] 03-18-2019 19:42:39.611 [addComponent] carbeeper.CarBeeperV2:459 - Component added.
[INFO ] 03-18-2019 19:42:39.611 [addComponent] carbeeper.CarBeeperV2:452 - Inside addComponent()
[INFO ] 03-18-2019 19:42:39.612 [addComponent] carbeeper.CarBeeperV2:459 - Component added.
[INFO ] 03-18-2019 19:42:39.619 [addComponent] carbeeper.CarBeeperV2:452 - Inside addComponent()
[INFO ] 03-18-2019 19:42:39.620 [addComponent] carbeeper.CarBeeperV2:459 - Component added.
[INFO ] 03-18-2019 19:42:39.620 [<init>] carbeeper.CarBeeperV2:108 - Initializing lock button listener.
[INFO ] 03-18-2019 19:42:39.621 [<init>] carbeeper.CarBeeperV2.MouseClickHandler:233 - Inside MouseClickHandler constructor.
[INFO ] 03-18-2019 19:42:39.623 [<init>] carbeeper.CarBeeperV2.MouseClickHandler:251 - timer is running: true
[INFO ] 03-18-2019 19:42:39.624 [<init>] carbeeper.CarBeeperV2:126 - Initializing window button listener with custom window listener
[INFO ] 03-18-2019 19:42:39.625 [<init>] carbeeper.CarBeeperV2.WindowButtonHandler:322 - Inside WindowButtonHandler constructor
[INFO ] 03-18-2019 19:42:39.626 [<init>] carbeeper.CarBeeperV2.WindowButtonHandler:326 - WindowButtonHandler: timer, type of Timer beingHeldTimer, type of Timer LOGGER, type of Logger.
[INFO ] 03-18-2019 19:42:39.627 [<init>] carbeeper.CarBeeperV2.WindowButtonHandler:327 - End WindowButtonHandler constructor
[INFO ] 03-18-2019 19:42:39.627 [<init>] carbeeper.CarBeeperV2:128 - Initializing power button listener.
[INFO ] 03-18-2019 19:42:39.628 [<init>] carbeeper.CarBeeperV2.MouseClickHandler:233 - Inside MouseClickHandler constructor.
[INFO ] 03-18-2019 19:42:39.628 [<init>] carbeeper.CarBeeperV2.MouseClickHandler:251 - timer is running: true
[INFO ] 03-18-2019 19:42:39.629 [<init>] carbeeper.CarBeeperV2:145 - Initializing trunk button listener.
[INFO ] 03-18-2019 19:42:39.630 [<init>] carbeeper.CarBeeperV2.MouseClickHandler:233 - Inside MouseClickHandler constructor.
[INFO ] 03-18-2019 19:42:39.630 [<init>] carbeeper.CarBeeperV2.MouseClickHandler:251 - timer is running: true
[INFO ] 03-18-2019 19:42:39.630 [<init>] carbeeper.CarBeeperV2:162 - Initializing alarm button listener
[INFO ] 03-18-2019 19:42:39.631 [<init>] carbeeper.CarBeeperV2.MouseClickHandler:233 - Inside MouseClickHandler constructor.
[INFO ] 03-18-2019 19:42:39.632 [<init>] carbeeper.CarBeeperV2.MouseClickHandler:251 - timer is running: true
[INFO ] 03-18-2019 19:42:39.632 [<init>] carbeeper.CarBeeperV2.MouseClickHandler:233 - Inside MouseClickHandler constructor.
[INFO ] 03-18-2019 19:42:39.633 [<init>] carbeeper.CarBeeperV2.MouseClickHandler:251 - timer is running: true
[INFO ] 03-18-2019 19:42:39.633 [<init>] carbeeper.CarBeeperV2:192 - End CarBeeperV2 constructor.
[INFO ] 03-18-2019 19:42:39.634 [main] carbeeper.MainDemo:128 - Setting up beeper...
[INFO ] 03-18-2019 19:42:39.831 [main] carbeeper.MainDemo:134 - Beeper loaded.
[INFO ] 03-18-2019 19:42:39.832 [main] carbeeper.MainDemo:135 - End main(). End MainDemo.

[INFO ] 03-18-2019 19:42:40.125 [lambda$new$0] carbeeper.CarBeeperV2.MouseClickHandler:246 - Timer's event set for 500 seconds.
[INFO ] 03-18-2019 19:42:40.129 [lambda$new$0] carbeeper.CarBeeperV2.MouseClickHandler:246 - Timer's event set for 500 seconds.
[INFO ] 03-18-2019 19:42:40.131 [lambda$new$0] carbeeper.CarBeeperV2.MouseClickHandler:246 - Timer's event set for 500 seconds.
[INFO ] 03-18-2019 19:42:40.132 [lambda$new$0] carbeeper.CarBeeperV2.MouseClickHandler:246 - Timer's event set for 500 seconds.
[INFO ] 03-18-2019 19:42:40.133 [lambda$new$0] carbeeper.CarBeeperV2.MouseClickHandler:246 - Timer's event set for 500 seconds.
[INFO ] 03-18-2019 19:42:41.605 [mouseClicked] carbeeper.CarBeeperV2:132 - Inside mouseClicked.
[INFO ] 03-18-2019 19:42:41.607 [getPowerState] carbeeper.CarBeeperV2:520 - Car is: ON
[INFO ] 03-18-2019 19:42:41.607 [mouseClicked] carbeeper.CarBeeperV2:142 - End mouseClicked.
[INFO ] 03-18-2019 19:42:42.372 [mouseClicked] carbeeper.CarBeeperV2:132 - Inside mouseClicked.
[INFO ] 03-18-2019 19:42:42.373 [getPowerState] carbeeper.CarBeeperV2:520 - Car is: OFF
[INFO ] 03-18-2019 19:42:42.374 [mouseClicked] carbeeper.CarBeeperV2:142 - End mouseClicked.
